<?xml version="1.0" encoding="UTF-8"?>
<!-- Generated by org.testng.reporters.JUnitReportReporter -->
<testsuite hostname="Rojesh" failures="0" tests="1" name="com.api.tests.LoginAPITest3" time="1.640" errors="0" timestamp="2024-12-15T20:15:28 IST" skipped="0">
  <testcase classname="com.api.tests.LoginAPITest3" name="loginTest" time="1.640"/>
</testsuite> <!-- com.api.tests.LoginAPITest3 -->
