<?xml version="1.0" encoding="UTF-8"?>
<!-- Generated by org.testng.reporters.JUnitReportReporter -->
<testsuite hostname="Rojesh" failures="0" tests="1" name="com.api.tests.LoginAPITest" time="1.333" errors="0" timestamp="2024-12-15T18:39:26 IST" skipped="0">
  <testcase classname="com.api.tests.LoginAPITest" name="loginTest" time="1.333"/>
</testsuite> <!-- com.api.tests.LoginAPITest -->
