<?xml version="1.0" encoding="UTF-8"?>
<!-- Generated by org.testng.reporters.JUnitReportReporter -->
<testsuite hostname="Rojesh" failures="0" tests="1" name="com.api.tests.ForgotPasswordTest" time="5.071" errors="0" timestamp="2024-12-15T22:25:40 IST" skipped="0">
  <testcase classname="com.api.tests.ForgotPasswordTest" name="forgotPassord" time="5.071"/>
</testsuite> <!-- com.api.tests.ForgotPasswordTest -->
