<?xml version="1.0" encoding="UTF-8"?>
<!-- Generated by org.testng.reporters.JUnitReportReporter -->
<testsuite hostname="Rojesh" failures="0" tests="1" name="com.api.tests.AccountCreationTest" time="1.435" errors="0" timestamp="2024-12-15T22:05:16 IST" skipped="0">
  <testcase classname="com.api.tests.AccountCreationTest" name="createAccount" time="1.435"/>
</testsuite> <!-- com.api.tests.AccountCreationTest -->
