<?xml version="1.0" encoding="UTF-8"?>
<!-- Generated by org.testng.reporters.JUnitReportReporter -->
<testsuite hostname="Rojesh" failures="0" tests="1" name="com.api.tests.GetProfileRequestTest" time="1.543" errors="0" timestamp="2024-12-15T23:39:45 IST" skipped="0">
  <testcase classname="com.api.tests.GetProfileRequestTest" name="getProfileInfo" time="1.543"/>
</testsuite> <!-- com.api.tests.GetProfileRequestTest -->
