<?xml version="1.0" encoding="UTF-8"?>
<!-- Generated by org.testng.reporters.JUnitReportReporter -->
<testsuite hostname="Rojesh" failures="0" tests="1" name="com.api.tests.UpdateProfileRequestTest" time="3.876" errors="0" timestamp="2024-12-16T21:20:41 IST" skipped="0">
  <testcase classname="com.api.tests.UpdateProfileRequestTest" name="updateProfileInfo" time="3.876"/>
</testsuite> <!-- com.api.tests.UpdateProfileRequestTest -->
