<?xml version="1.0" encoding="UTF-8"?>
<!-- Generated by org.testng.reporters.JUnitReportReporter -->
<testsuite hostname="Rojesh" failures="0" tests="1" name="com.api.tests.LoginAPITest2" time="1.355" errors="0" timestamp="2024-12-15T18:59:55 IST" skipped="0">
  <testcase classname="com.api.tests.LoginAPITest2" name="loginTest" time="1.355"/>
</testsuite> <!-- com.api.tests.LoginAPITest2 -->
